  [1m[35m (0.6ms)[0m  [1m[34mSELECT pg_try_advisory_lock(4048003910503442610);[0m
  [1m[36mActiveRecord::SchemaMigration Load (1.8ms)[0m  [1m[34mSELECT "schema_migrations".* FROM "schema_migrations"[0m
  [1m[36mActiveRecord::InternalMetadata Load (1.7ms)[0m  [1m[34mSELECT  "ar_internal_metadata".* FROM "ar_internal_metadata" WHERE "ar_internal_metadata"."key" = $1 LIMIT $2[0m  [["key", :environment], ["LIMIT", 1]]
  [1m[35m (0.1ms)[0m  [1m[35mBEGIN[0m
  [1m[35m (0.1ms)[0m  [1m[35mCOMMIT[0m
  [1m[35m (0.2ms)[0m  [1m[34mSELECT pg_advisory_unlock(4048003910503442610)[0m
  [1m[36mActiveRecord::SchemaMigration Load (0.1ms)[0m  [1m[34mSELECT "schema_migrations".* FROM "schema_migrations"[0m
  [1m[35m (0.3ms)[0m  [1m[34mSELECT pg_try_advisory_lock(4048003910503442610);[0m
  [1m[36mActiveRecord::SchemaMigration Load (0.3ms)[0m  [1m[34mSELECT "schema_migrations".* FROM "schema_migrations"[0m
Migrating to AddImageToProducts (20170719123839)
  [1m[35m (0.1ms)[0m  [1m[35mBEGIN[0m
  [1m[35m (0.3ms)[0m  [1m[35mALTER TABLE "products" ADD "image" character varying[0m
  [1m[35mSQL (0.2ms)[0m  [1m[32mINSERT INTO "schema_migrations" ("version") VALUES ($1) RETURNING "version"[0m  [["version", "20170719123839"]]
  [1m[35m (0.3ms)[0m  [1m[35mCOMMIT[0m
  [1m[36mActiveRecord::InternalMetadata Load (0.2ms)[0m  [1m[34mSELECT  "ar_internal_metadata".* FROM "ar_internal_metadata" WHERE "ar_internal_metadata"."key" = $1 LIMIT $2[0m  [["key", :environment], ["LIMIT", 1]]
  [1m[35m (0.1ms)[0m  [1m[35mBEGIN[0m
  [1m[35m (0.1ms)[0m  [1m[35mCOMMIT[0m
  [1m[35m (0.2ms)[0m  [1m[34mSELECT pg_advisory_unlock(4048003910503442610)[0m
  [1m[36mActiveRecord::SchemaMigration Load (0.1ms)[0m  [1m[34mSELECT "schema_migrations".* FROM "schema_migrations"[0m
  [1m[35m (0.1ms)[0m  [1m[35mBEGIN[0m
  [1m[35mSQL (0.4ms)[0m  [1m[32mINSERT INTO "products" ("name", "created_at", "updated_at") VALUES ($1, $2, $3) RETURNING "id"[0m  [["name", "Coder Hat"], ["created_at", 2017-07-19 12:42:46 UTC], ["updated_at", 2017-07-19 12:42:46 UTC]]
  [1m[35m (0.3ms)[0m  [1m[35mCOMMIT[0m
  [1m[35m (0.2ms)[0m  [1m[35mBEGIN[0m
  [1m[35mSQL (0.8ms)[0m  [1m[33mUPDATE "products" SET "updated_at" = $1, "image" = $2 WHERE "products"."id" = $3[0m  [["updated_at", 2017-07-19 12:42:55 UTC], ["image", "coder-hat.jpg"], ["id", 6]]
  [1m[35m (5.6ms)[0m  [1m[35mCOMMIT[0m
Started GET "/" for 127.0.0.1 at 2017-07-19 19:43:14 +0700
  [1m[36mActiveRecord::SchemaMigration Load (0.3ms)[0m  [1m[34mSELECT "schema_migrations".* FROM "schema_migrations"[0m
Processing by VisitorsController#index as HTML
  Rendering visitors/index.html.erb within layouts/application
  [1m[36mProduct Load (0.4ms)[0m  [1m[34mSELECT "products".* FROM "products"[0m
  Rendered visitors/index.html.erb within layouts/application (1893.1ms)
Completed 500 Internal Server Error in 1911ms (ActiveRecord: 3.3ms)


DEPRECATION WARNING: #original_exception is deprecated. Use #cause instead. (called from initialize at /home/trieu/.rbenv/versions/2.4.0/lib/ruby/gems/2.4.0/gems/better_errors-2.1.1/lib/better_errors/raised_exception.rb:7)
DEPRECATION WARNING: #original_exception is deprecated. Use #cause instead. (called from initialize at /home/trieu/.rbenv/versions/2.4.0/lib/ruby/gems/2.4.0/gems/better_errors-2.1.1/lib/better_errors/raised_exception.rb:8)

ArgumentError - nil is not a valid asset source:
  actionview (5.0.2) lib/action_view/helpers/asset_url_helper.rb:131:in `asset_path'
  actionview (5.0.2) lib/action_view/helpers/asset_url_helper.rb:311:in `image_path'
  actionview (5.0.2) lib/action_view/helpers/asset_tag_helper.rb:214:in `image_tag'
  app/views/visitors/index.html.erb:27:in `block in _app_views_visitors_index_html_erb__729309886934923152_47274799765180'
  activerecord (5.0.2) lib/active_record/relation/delegation.rb:38:in `each'
  app/views/visitors/index.html.erb:25:in `_app_views_visitors_index_html_erb__729309886934923152_47274799765180'
  actionview (5.0.2) lib/action_view/template.rb:159:in `block in render'
  activesupport (5.0.2) lib/active_support/notifications.rb:166:in `instrument'
  actionview (5.0.2) lib/action_view/template.rb:354:in `instrument'
  actionview (5.0.2) lib/action_view/template.rb:157:in `render'
  actionview (5.0.2) lib/action_view/renderer/template_renderer.rb:54:in `block (2 levels) in render_template'
  actionview (5.0.2) lib/action_view/renderer/abstract_renderer.rb:42:in `block in instrument'
  activesupport (5.0.2) lib/active_support/notifications.rb:164:in `block in instrument'
  activesupport (5.0.2) lib/active_support/notifications/instrumenter.rb:21:in `instrument'
  activesupport (5.0.2) lib/active_support/notifications.rb:164:in `instrument'
  actionview (5.0.2) lib/action_view/renderer/abstract_renderer.rb:41:in `instrument'
  actionview (5.0.2) lib/action_view/renderer/template_renderer.rb:53:in `block in render_template'
  actionview (5.0.2) lib/action_view/renderer/template_renderer.rb:61:in `render_with_layout'
  actionview (5.0.2) lib/action_view/renderer/template_renderer.rb:52:in `render_template'
  actionview (5.0.2) lib/action_view/renderer/template_renderer.rb:14:in `render'
  actionview (5.0.2) lib/action_view/renderer/renderer.rb:42:in `render_template'
  actionview (5.0.2) lib/action_view/renderer/renderer.rb:23:in `render'
  actionview (5.0.2) lib/action_view/rendering.rb:104:in `_render_template'
  actionpack (5.0.2) lib/action_controller/metal/streaming.rb:217:in `_render_template'
  actionview (5.0.2) lib/action_view/rendering.rb:83:in `render_to_body'
  actionpack (5.0.2) lib/action_controller/metal/rendering.rb:52:in `render_to_body'
  actionpack (5.0.2) lib/action_controller/metal/renderers.rb:142:in `render_to_body'
  actionpack (5.0.2) lib/abstract_controller/rendering.rb:26:in `render'
  actionpack (5.0.2) lib/action_controller/metal/rendering.rb:36:in `render'
  actionpack (5.0.2) lib/action_controller/metal/instrumentation.rb:44:in `block (2 levels) in render'
  activesupport (5.0.2) lib/active_support/core_ext/benchmark.rb:12:in `block in ms'
  /home/trieu/.rbenv/versions/2.4.0/lib/ruby/2.4.0/benchmark.rb:308:in `realtime'
  activesupport (5.0.2) lib/active_support/core_ext/benchmark.rb:12:in `ms'
  actionpack (5.0.2) lib/action_controller/metal/instrumentation.rb:44:in `block in render'
  actionpack (5.0.2) lib/action_controller/metal/instrumentation.rb:87:in `cleanup_view_runtime'
  activerecord (5.0.2) lib/active_record/railties/controller_runtime.rb:25:in `cleanup_view_runtime'
  actionpack (5.0.2) lib/action_controller/metal/instrumentation.rb:43:in `render'
  actionpack (5.0.2) lib/action_controller/metal/implicit_render.rb:36:in `default_render'
  actionpack (5.0.2) lib/action_controller/metal/basic_implicit_render.rb:4:in `block in send_action'
  actionpack (5.0.2) lib/action_controller/metal/basic_implicit_render.rb:4:in `send_action'
  actionpack (5.0.2) lib/abstract_controller/base.rb:188:in `process_action'
  actionpack (5.0.2) lib/action_controller/metal/rendering.rb:30:in `process_action'
  actionpack (5.0.2) lib/abstract_controller/callbacks.rb:20:in `block in process_action'
  activesupport (5.0.2) lib/active_support/callbacks.rb:126:in `call'
  activesupport (5.0.2) lib/active_support/callbacks.rb:506:in `block (2 levels) in compile'
  activesupport (5.0.2) lib/active_support/callbacks.rb:455:in `call'
  activesupport (5.0.2) lib/active_support/callbacks.rb:101:in `__run_callbacks__'
  activesupport (5.0.2) lib/active_support/callbacks.rb:750:in `_run_process_action_callbacks'
  activesupport (5.0.2) lib/active_support/callbacks.rb:90:in `run_callbacks'
  actionpack (5.0.2) lib/abstract_controller/callbacks.rb:19:in `process_action'
  actionpack (5.0.2) lib/action_controller/metal/rescue.rb:20:in `process_action'
  actionpack (5.0.2) lib/action_controller/metal/instrumentation.rb:32:in `block in process_action'
  activesupport (5.0.2) lib/active_support/notifications.rb:164:in `block in instrument'
  activesupport (5.0.2) lib/active_support/notifications/instrumenter.rb:21:in `instrument'
  activesupport (5.0.2) lib/active_support/notifications.rb:164:in `instrument'
  actionpack (5.0.2) lib/action_controller/metal/instrumentation.rb:30:in `process_action'
  actionpack (5.0.2) lib/action_controller/metal/params_wrapper.rb:248:in `process_action'
  activerecord (5.0.2) lib/active_record/railties/controller_runtime.rb:18:in `process_action'
  actionpack (5.0.2) lib/abstract_controller/base.rb:126:in `process'
  actionview (5.0.2) lib/action_view/rendering.rb:30:in `process'
  actionpack (5.0.2) lib/action_controller/metal.rb:190:in `dispatch'
  actionpack (5.0.2) lib/action_controller/metal.rb:262:in `dispatch'
  actionpack (5.0.2) lib/action_dispatch/routing/route_set.rb:50:in `dispatch'
  actionpack (5.0.2) lib/action_dispatch/routing/route_set.rb:32:in `serve'
  actionpack (5.0.2) lib/action_dispatch/journey/router.rb:39:in `block in serve'
  actionpack (5.0.2) lib/action_dispatch/journey/router.rb:26:in `serve'
  actionpack (5.0.2) lib/action_dispatch/routing/route_set.rb:725:in `call'
  warden (1.2.6) lib/warden/manager.rb:35:in `block in call'
  warden (1.2.6) lib/warden/manager.rb:34:in `call'
  rack (2.0.1) lib/rack/etag.rb:25:in `call'
  rack (2.0.1) lib/rack/conditional_get.rb:25:in `call'
  rack (2.0.1) lib/rack/head.rb:12:in `call'
  rack (2.0.1) lib/rack/session/abstract/id.rb:222:in `context'
  rack (2.0.1) lib/rack/session/abstract/id.rb:216:in `call'
  actionpack (5.0.2) lib/action_dispatch/middleware/cookies.rb:613:in `call'
  activerecord (5.0.2) lib/active_record/migration.rb:553:in `call'
  actionpack (5.0.2) lib/action_dispatch/middleware/callbacks.rb:38:in `block in call'
  activesupport (5.0.2) lib/active_support/callbacks.rb:97:in `__run_callbacks__'
  activesupport (5.0.2) lib/active_support/callbacks.rb:750:in `_run_call_callbacks'
  activesupport (5.0.2) lib/active_support/callbacks.rb:90:in `run_callbacks'
  actionpack (5.0.2) lib/action_dispatch/middleware/callbacks.rb:36:in `call'
  actionpack (5.0.2) lib/action_dispatch/middleware/executor.rb:12:in `call'
  actionpack (5.0.2) lib/action_dispatch/middleware/remote_ip.rb:79:in `call'
  better_errors (2.1.1) lib/better_errors/middleware.rb:84:in `protected_app_call'
  better_errors (2.1.1) lib/better_errors/middleware.rb:79:in `better_errors_call'
  better_errors (2.1.1) lib/better_errors/middleware.rb:57:in `call'
  actionpack (5.0.2) lib/action_dispatch/middleware/debug_exceptions.rb:49:in `call'
  web-console (2.3.0) lib/web_console/middleware.rb:28:in `block in call'
  web-console (2.3.0) lib/web_console/middleware.rb:18:in `call'
  actionpack (5.0.2) lib/action_dispatch/middleware/show_exceptions.rb:31:in `call'
  railties (5.0.2) lib/rails/rack/logger.rb:36:in `call_app'
  railties (5.0.2) lib/rails/rack/logger.rb:24:in `block in call'
  activesupport (5.0.2) lib/active_support/tagged_logging.rb:69:in `block in tagged'
  activesupport (5.0.2) lib/active_support/tagged_logging.rb:26:in `tagged'
  activesupport (5.0.2) lib/active_support/tagged_logging.rb:69:in `tagged'
  railties (5.0.2) lib/rails/rack/logger.rb:24:in `call'
  sprockets-rails (3.2.0) lib/sprockets/rails/quiet_assets.rb:13:in `call'
  actionpack (5.0.2) lib/action_dispatch/middleware/request_id.rb:24:in `call'
  rack (2.0.1) lib/rack/method_override.rb:22:in `call'
  rack (2.0.1) lib/rack/runtime.rb:22:in `call'
  activesupport (5.0.2) lib/active_support/cache/strategy/local_cache_middleware.rb:28:in `call'
  actionpack (5.0.2) lib/action_dispatch/middleware/executor.rb:12:in `call'
  actionpack (5.0.2) lib/action_dispatch/middleware/static.rb:136:in `call'
  rack (2.0.1) lib/rack/sendfile.rb:111:in `call'
  railties (5.0.2) lib/rails/engine.rb:522:in `call'
  puma (3.8.2) lib/puma/configuration.rb:224:in `call'
  puma (3.8.2) lib/puma/server.rb:600:in `handle_request'
  puma (3.8.2) lib/puma/server.rb:435:in `process_client'
  puma (3.8.2) lib/puma/server.rb:299:in `block in run'
  puma (3.8.2) lib/puma/thread_pool.rb:120:in `block in spawn_thread'

Started POST "/__better_errors/43c4f06bee1a67c9/variables" for 127.0.0.1 at 2017-07-19 19:43:16 +0700
Started GET "/" for 127.0.0.1 at 2017-07-19 19:47:40 +0700
  [1m[36mActiveRecord::SchemaMigration Load (0.3ms)[0m  [1m[34mSELECT "schema_migrations".* FROM "schema_migrations"[0m
Processing by VisitorsController#index as HTML
  Rendering visitors/index.html.erb within layouts/application
  [1m[36mProduct Load (0.4ms)[0m  [1m[34mSELECT "products".* FROM "products"[0m
  Rendered collection of products/_product.html.erb [3 times] (0.8ms)
  Rendered collection of products/_product.html.erb [3 times] (0.4ms)
  Rendered visitors/index.html.erb within layouts/application (143.0ms)
  Rendered layouts/_nav_links_for_auth.html.erb (2.9ms)
  Rendered layouts/_navigation_links.html.erb (3.6ms)
  Rendered layouts/_navigation.html.slim (6.5ms)
  Rendered layouts/_messages.html.slim (2.2ms)
Completed 200 OK in 253ms (Views: 239.9ms | ActiveRecord: 2.7ms)


